# JRE version: OpenJDK Runtime Environment Temurin-21.0.7+6 (21.0.7+6) (build 21.0.7+6-LTS)
# Java VM: OpenJDK 64-Bit Server VM Temurin-21.0.7+6 (21.0.7+6-LTS, mixed mode, sharing, tiered, compressed oops, compressed class ptrs, parallel gc, windows-amd64)
GC Precious Log:
 CardTable entry size: 512
 CPUs: 12 total, 12 available
 Memory: 7916M
 Large Page Support: Disabled
 NUMA Support: Disabled
 Compressed Oops: Enabled (32-bit)
 Alignments: Space 512K, Generation 512K, Heap 2M
 Heap Min Capacity: 100M
 Heap Initial Capacity: 100M
 Heap Max Capacity: 2G
 Pre-touch: Disabled
 Parallel Workers: 10
Heap:
 PSYoungGen      total 40448K, used 31837K [0x00000000d5580000, 0x00000000d8780000, 0x0000000100000000)
  eden space 32768K, 74% used [0x00000000d5580000,0x00000000d6d78ec0,0x00000000d7580000)
  from space 7680K, 94% used [0x00000000d7600000,0x00000000d7d1e6e0,0x00000000d7d80000)
  to   space 9216K, 86% used [0x00000000d7e80000,0x00000000d8647d18,0x00000000d8780000)
 ParOldGen       total 365056K, used 364899K [0x0000000080000000, 0x0000000096480000, 0x00000000d5580000)
  object space 365056K, 99% used [0x0000000080000000,0x0000000096458d50,0x0000000096480000)
 Metaspace       used 69252K, committed 70784K, reserved 1114112K
  class space    used 7330K, committed 8000K, reserved 1048576K
GC Heap History (20 events):
Event: 20.633 GC heap before
{Heap before GC invocations=239 (full 5):
 PSYoungGen      total 40448K, used 40423K [0x00000000d5580000, 0x00000000d8880000, 0x0000000100000000)
  eden space 33792K, 100% used [0x00000000d5580000,0x00000000d7680000,0x00000000d7680000)
  from space 6656K, 99% used [0x00000000d7680000,0x00000000d7cf9d78,0x00000000d7d00000)
  to   space 8192K, 0% used [0x00000000d8080000,0x00000000d8080000,0x00000000d8880000)
 ParOldGen       total 343040K, used 343003K [0x0000000080000000, 0x0000000094f00000, 0x00000000d5580000)
  object space 343040K, 99% used [0x0000000080000000,0x0000000094ef6fe8,0x0000000094f00000)
 Metaspace       used 67156K, committed 68672K, reserved 1114112K
  class space    used 7142K, committed 7808K, reserved 1048576K
}
Event: 20.638 GC heap after
{Heap after GC invocations=239 (full 5):
 PSYoungGen      total 43520K, used 8088K [0x00000000d5580000, 0x00000000d8a00000, 0x0000000100000000)
  eden space 35328K, 0% used [0x00000000d5580000,0x00000000d5580000,0x00000000d7800000)
  from space 8192K, 98% used [0x00000000d8080000,0x00000000d8866008,0x00000000d8880000)
  to   space 8704K, 0% used [0x00000000d7800000,0x00000000d7800000,0x00000000d8080000)
 ParOldGen       total 345088K, used 344583K [0x0000000080000000, 0x0000000095100000, 0x00000000d5580000)
  object space 345088K, 99% used [0x0000000080000000,0x0000000095081cd0,0x0000000095100000)
 Metaspace       used 67156K, committed 68672K, reserved 1114112K
  class space    used 7142K, committed 7808K, reserved 1048576K
}
Event: 20.685 GC heap before
{Heap before GC invocations=240 (full 5):
 PSYoungGen      total 43520K, used 43416K [0x00000000d5580000, 0x00000000d8a00000, 0x0000000100000000)
  eden space 35328K, 100% used [0x00000000d5580000,0x00000000d7800000,0x00000000d7800000)
  from space 8192K, 98% used [0x00000000d8080000,0x00000000d8866008,0x00000000d8880000)
  to   space 8704K, 0% used [0x00000000d7800000,0x00000000d7800000,0x00000000d8080000)
 ParOldGen       total 345088K, used 344583K [0x0000000080000000, 0x0000000095100000, 0x00000000d5580000)
  object space 345088K, 99% used [0x0000000080000000,0x0000000095081cd0,0x0000000095100000)
 Metaspace       used 67156K, committed 68672K, reserved 1114112K
  class space    used 7142K, committed 7808K, reserved 1048576K
}
Event: 20.690 GC heap after
{Heap after GC invocations=240 (full 5):
 PSYoungGen      total 44032K, used 8675K [0x00000000d5580000, 0x00000000d9180000, 0x0000000100000000)
  eden space 35328K, 0% used [0x00000000d5580000,0x00000000d5580000,0x00000000d7800000)
  from space 8704K, 99% used [0x00000000d7800000,0x00000000d8078d90,0x00000000d8080000)
  to   space 11776K, 0% used [0x00000000d8600000,0x00000000d8600000,0x00000000d9180000)
 ParOldGen       total 347136K, used 346895K [0x0000000080000000, 0x0000000095300000, 0x00000000d5580000)
  object space 347136K, 99% used [0x0000000080000000,0x00000000952c3cd0,0x0000000095300000)
 Metaspace       used 67156K, committed 68672K, reserved 1114112K
  class space    used 7142K, committed 7808K, reserved 1048576K
}
Event: 20.808 GC heap before
{Heap before GC invocations=241 (full 5):
 PSYoungGen      total 44032K, used 44003K [0x00000000d5580000, 0x00000000d9180000, 0x0000000100000000)
  eden space 35328K, 100% used [0x00000000d5580000,0x00000000d7800000,0x00000000d7800000)
  from space 8704K, 99% used [0x00000000d7800000,0x00000000d8078d90,0x00000000d8080000)
  to   space 11776K, 0% used [0x00000000d8600000,0x00000000d8600000,0x00000000d9180000)
 ParOldGen       total 347136K, used 346895K [0x0000000080000000, 0x0000000095300000, 0x00000000d5580000)
  object space 347136K, 99% used [0x0000000080000000,0x00000000952c3cd0,0x0000000095300000)
 Metaspace       used 67157K, committed 68672K, reserved 1114112K
  class space    used 7142K, committed 7808K, reserved 1048576K
}
Event: 20.813 GC heap after
{Heap after GC invocations=241 (full 5):
 PSYoungGen      total 45568K, used 7526K [0x00000000d5580000, 0x00000000d8d80000, 0x0000000100000000)
  eden space 37888K, 0% used [0x00000000d5580000,0x00000000d5580000,0x00000000d7a80000)
  from space 7680K, 97% used [0x00000000d8600000,0x00000000d8d59818,0x00000000d8d80000)
  to   space 9216K, 0% used [0x00000000d7b80000,0x00000000d7b80000,0x00000000d8480000)
 ParOldGen       total 350208K, used 350127K [0x0000000080000000, 0x0000000095600000, 0x00000000d5580000)
  object space 350208K, 99% used [0x0000000080000000,0x00000000955ebcd0,0x0000000095600000)
 Metaspace       used 67157K, committed 68672K, reserved 1114112K
  class space    used 7142K, committed 7808K, reserved 1048576K
}
Event: 20.939 GC heap before
{Heap before GC invocations=242 (full 5):
 PSYoungGen      total 45568K, used 45414K [0x00000000d5580000, 0x00000000d8d80000, 0x0000000100000000)
  eden space 37888K, 100% used [0x00000000d5580000,0x00000000d7a80000,0x00000000d7a80000)
  from space 7680K, 97% used [0x00000000d8600000,0x00000000d8d59818,0x00000000d8d80000)
  to   space 9216K, 0% used [0x00000000d7b80000,0x00000000d7b80000,0x00000000d8480000)
 ParOldGen       total 350208K, used 350127K [0x0000000080000000, 0x0000000095600000, 0x00000000d5580000)
  object space 350208K, 99% used [0x0000000080000000,0x00000000955ebcd0,0x0000000095600000)
 Metaspace       used 67161K, committed 68672K, reserved 1114112K
  class space    used 7142K, committed 7808K, reserved 1048576K
}
Event: 20.943 GC heap after
{Heap after GC invocations=242 (full 5):
 PSYoungGen      total 48128K, used 9197K [0x00000000d5580000, 0x00000000d9100000, 0x0000000100000000)
  eden space 38912K, 0% used [0x00000000d5580000,0x00000000d5580000,0x00000000d7b80000)
  from space 9216K, 99% used [0x00000000d7b80000,0x00000000d847b418,0x00000000d8480000)
  to   space 10240K, 0% used [0x00000000d8700000,0x00000000d8700000,0x00000000d9100000)
 ParOldGen       total 350720K, used 350415K [0x0000000080000000, 0x0000000095680000, 0x00000000d5580000)
  object space 350720K, 99% used [0x0000000080000000,0x0000000095633cd0,0x0000000095680000)
 Metaspace       used 67161K, committed 68672K, reserved 1114112K
  class space    used 7142K, committed 7808K, reserved 1048576K
}
Event: 21.047 GC heap before
{Heap before GC invocations=243 (full 5):
 PSYoungGen      total 48128K, used 48109K [0x00000000d5580000, 0x00000000d9100000, 0x0000000100000000)
  eden space 38912K, 100% used [0x00000000d5580000,0x00000000d7b80000,0x00000000d7b80000)
  from space 9216K, 99% used [0x00000000d7b80000,0x00000000d847b418,0x00000000d8480000)
  to   space 10240K, 0% used [0x00000000d8700000,0x00000000d8700000,0x00000000d9100000)
 ParOldGen       total 350720K, used 350415K [0x0000000080000000, 0x0000000095680000, 0x00000000d5580000)
  object space 350720K, 99% used [0x0000000080000000,0x0000000095633cd0,0x0000000095680000)
 Metaspace       used 67163K, committed 68672K, reserved 1114112K
  class space    used 7142K, committed 7808K, reserved 1048576K
}
Event: 21.051 GC heap after
{Heap after GC invocations=243 (full 5):
 PSYoungGen      total 46592K, used 4710K [0x00000000d5580000, 0x00000000d8c00000, 0x0000000100000000)
  eden space 41472K, 0% used [0x00000000d5580000,0x00000000d5580000,0x00000000d7e00000)
  from space 5120K, 92% used [0x00000000d8700000,0x00000000d8b99a40,0x00000000d8c00000)
  to   space 6656K, 0% used [0x00000000d7f00000,0x00000000d7f00000,0x00000000d8580000)
 ParOldGen       total 354816K, used 354621K [0x0000000080000000, 0x0000000095a80000, 0x00000000d5580000)
  object space 354816K, 99% used [0x0000000080000000,0x0000000095a4f4e0,0x0000000095a80000)
 Metaspace       used 67163K, committed 68672K, reserved 1114112K
  class space    used 7142K, committed 7808K, reserved 1048576K
}
Event: 21.195 GC heap before
{Heap before GC invocations=244 (full 5):
 PSYoungGen      total 46592K, used 46182K [0x00000000d5580000, 0x00000000d8c00000, 0x0000000100000000)
  eden space 41472K, 100% used [0x00000000d5580000,0x00000000d7e00000,0x00000000d7e00000)
  from space 5120K, 92% used [0x00000000d8700000,0x00000000d8b99a40,0x00000000d8c00000)
  to   space 6656K, 0% used [0x00000000d7f00000,0x00000000d7f00000,0x00000000d8580000)
 ParOldGen       total 354816K, used 354621K [0x0000000080000000, 0x0000000095a80000, 0x00000000d5580000)
  object space 354816K, 99% used [0x0000000080000000,0x0000000095a4f4e0,0x0000000095a80000)
 Metaspace       used 67167K, committed 68672K, reserved 1114112K
  class space    used 7142K, committed 7808K, reserved 1048576K
}
Event: 21.198 GC heap after
{Heap after GC invocations=244 (full 5):
 PSYoungGen      total 47104K, used 5662K [0x00000000d5580000, 0x00000000d8980000, 0x0000000100000000)
  eden space 40960K, 0% used [0x00000000d5580000,0x00000000d5580000,0x00000000d7d80000)
  from space 6144K, 92% used [0x00000000d7f00000,0x00000000d8487910,0x00000000d8500000)
  to   space 4608K, 0% used [0x00000000d8500000,0x00000000d8500000,0x00000000d8980000)
 ParOldGen       total 354816K, used 354621K [0x0000000080000000, 0x0000000095a80000, 0x00000000d5580000)
  object space 354816K, 99% used [0x0000000080000000,0x0000000095a4f4e0,0x0000000095a80000)
 Metaspace       used 67167K, committed 68672K, reserved 1114112K
  class space    used 7142K, committed 7808K, reserved 1048576K
}
Event: 21.297 GC heap before
{Heap before GC invocations=245 (full 5):
 PSYoungGen      total 47104K, used 46622K [0x00000000d5580000, 0x00000000d8980000, 0x0000000100000000)
  eden space 40960K, 100% used [0x00000000d5580000,0x00000000d7d80000,0x00000000d7d80000)
  from space 6144K, 92% used [0x00000000d7f00000,0x00000000d8487910,0x00000000d8500000)
  to   space 4608K, 0% used [0x00000000d8500000,0x00000000d8500000,0x00000000d8980000)
 ParOldGen       total 354816K, used 354621K [0x0000000080000000, 0x0000000095a80000, 0x00000000d5580000)
  object space 354816K, 99% used [0x0000000080000000,0x0000000095a4f4e0,0x0000000095a80000)
 Metaspace       used 67171K, committed 68736K, reserved 1114112K
  class space    used 7142K, committed 7808K, reserved 1048576K
}
Event: 21.299 GC heap after
{Heap after GC invocations=245 (full 5):
 PSYoungGen      total 44032K, used 3195K [0x00000000d5580000, 0x00000000d8880000, 0x0000000100000000)
  eden space 40448K, 0% used [0x00000000d5580000,0x00000000d5580000,0x00000000d7d00000)
  from space 3584K, 89% used [0x00000000d8500000,0x00000000d881efb8,0x00000000d8880000)
  to   space 4608K, 0% used [0x00000000d7f80000,0x00000000d7f80000,0x00000000d8400000)
 ParOldGen       total 354816K, used 354621K [0x0000000080000000, 0x0000000095a80000, 0x00000000d5580000)
  object space 354816K, 99% used [0x0000000080000000,0x0000000095a4f4e0,0x0000000095a80000)
 Metaspace       used 67171K, committed 68736K, reserved 1114112K
  class space    used 7142K, committed 7808K, reserved 1048576K
}
Event: 21.377 GC heap before
{Heap before GC invocations=246 (full 5):
 PSYoungGen      total 44032K, used 43643K [0x00000000d5580000, 0x00000000d8880000, 0x0000000100000000)
  eden space 40448K, 100% used [0x00000000d5580000,0x00000000d7d00000,0x00000000d7d00000)
  from space 3584K, 89% used [0x00000000d8500000,0x00000000d881efb8,0x00000000d8880000)
  to   space 4608K, 0% used [0x00000000d7f80000,0x00000000d7f80000,0x00000000d8400000)
 ParOldGen       total 354816K, used 354621K [0x0000000080000000, 0x0000000095a80000, 0x00000000d5580000)
  object space 354816K, 99% used [0x0000000080000000,0x0000000095a4f4e0,0x0000000095a80000)
 Metaspace       used 67171K, committed 68736K, reserved 1114112K
  class space    used 7142K, committed 7808K, reserved 1048576K
}
Event: 21.379 GC heap after
{Heap after GC invocations=246 (full 5):
 PSYoungGen      total 43520K, used 3424K [0x00000000d5580000, 0x00000000d8580000, 0x0000000100000000)
  eden space 39936K, 0% used [0x00000000d5580000,0x00000000d5580000,0x00000000d7c80000)
  from space 3584K, 95% used [0x00000000d7f80000,0x00000000d82d8058,0x00000000d8300000)
  to   space 2560K, 0% used [0x00000000d8300000,0x00000000d8300000,0x00000000d8580000)
 ParOldGen       total 354816K, used 354621K [0x0000000080000000, 0x0000000095a80000, 0x00000000d5580000)
  object space 354816K, 99% used [0x0000000080000000,0x0000000095a4f4e0,0x0000000095a80000)
 Metaspace       used 67171K, committed 68736K, reserved 1114112K
  class space    used 7142K, committed 7808K, reserved 1048576K
}
Event: 21.534 GC heap before
{Heap before GC invocations=247 (full 5):
 PSYoungGen      total 43520K, used 43360K [0x00000000d5580000, 0x00000000d8580000, 0x0000000100000000)
  eden space 39936K, 100% used [0x00000000d5580000,0x00000000d7c80000,0x00000000d7c80000)
  from space 3584K, 95% used [0x00000000d7f80000,0x00000000d82d8058,0x00000000d8300000)
  to   space 2560K, 0% used [0x00000000d8300000,0x00000000d8300000,0x00000000d8580000)
 ParOldGen       total 354816K, used 354621K [0x0000000080000000, 0x0000000095a80000, 0x00000000d5580000)
  object space 354816K, 99% used [0x0000000080000000,0x0000000095a4f4e0,0x0000000095a80000)
 Metaspace       used 67250K, committed 68800K, reserved 1114112K
  class space    used 7147K, committed 7808K, reserved 1048576K
}
Event: 21.541 GC heap after
{Heap after GC invocations=247 (full 5):
 PSYoungGen      total 35840K, used 2550K [0x00000000d5580000, 0x00000000d9600000, 0x0000000100000000)
  eden space 33280K, 0% used [0x00000000d5580000,0x00000000d5580000,0x00000000d7600000)
  from space 2560K, 99% used [0x00000000d8300000,0x00000000d857dba8,0x00000000d8580000)
  to   space 13312K, 0% used [0x00000000d7600000,0x00000000d7600000,0x00000000d8300000)
 ParOldGen       total 364032K, used 363707K [0x0000000080000000, 0x0000000096380000, 0x00000000d5580000)
  object space 364032K, 99% used [0x0000000080000000,0x000000009632ed48,0x0000000096380000)
 Metaspace       used 67250K, committed 68800K, reserved 1114112K
  class space    used 7147K, committed 7808K, reserved 1048576K
}
Event: 21.821 GC heap before
{Heap before GC invocations=248 (full 5):
 PSYoungGen      total 35840K, used 35253K [0x00000000d5580000, 0x00000000d9600000, 0x0000000100000000)
  eden space 33280K, 98% used [0x00000000d5580000,0x00000000d756fa70,0x00000000d7600000)
  from space 2560K, 99% used [0x00000000d8300000,0x00000000d857dba8,0x00000000d8580000)
  to   space 13312K, 0% used [0x00000000d7600000,0x00000000d7600000,0x00000000d8300000)
 ParOldGen       total 364032K, used 363707K [0x0000000080000000, 0x0000000096380000, 0x00000000d5580000)
  object space 364032K, 99% used [0x0000000080000000,0x000000009632ed48,0x0000000096380000)
 Metaspace       used 69191K, committed 70720K, reserved 1114112K
  class space    used 7324K, committed 8000K, reserved 1048576K
}
Event: 21.827 GC heap after
{Heap after GC invocations=248 (full 5):
 PSYoungGen      total 40448K, used 7289K [0x00000000d5580000, 0x00000000d8780000, 0x0000000100000000)
  eden space 32768K, 0% used [0x00000000d5580000,0x00000000d5580000,0x00000000d7580000)
  from space 7680K, 94% used [0x00000000d7600000,0x00000000d7d1e6e0,0x00000000d7d80000)
  to   space 9216K, 0% used [0x00000000d7e80000,0x00000000d7e80000,0x00000000d8780000)
 ParOldGen       total 365056K, used 364899K [0x0000000080000000, 0x0000000096480000, 0x00000000d5580000)
  object space 365056K, 99% used [0x0000000080000000,0x0000000096458d50,0x0000000096480000)
 Metaspace       used 69191K, committed 70720K, reserved 1114112K
  class space    used 7324K, committed 8000K, reserved 1048576K
}

