# JRE version: OpenJDK Runtime Environment Temurin-21.0.7+6 (21.0.7+6) (build 21.0.7+6-LTS)
# Java VM: OpenJDK 64-Bit Server VM Temurin-21.0.7+6 (21.0.7+6-LTS, mixed mode, sharing, tiered, compressed oops, compressed class ptrs, parallel gc, windows-amd64)
GC Precious Log:
 CardTable entry size: 512
 CPUs: 12 total, 12 available
 Memory: 7916M
 Large Page Support: Disabled
 NUMA Support: Disabled
 Compressed Oops: Enabled (32-bit)
 Alignments: Space 512K, Generation 512K, Heap 2M
 Heap Min Capacity: 100M
 Heap Initial Capacity: 100M
 Heap Max Capacity: 2G
 Pre-touch: Disabled
 Parallel Workers: 10
Heap:
 PSYoungGen      total 2560K, used 2447K [0x00000000d5580000, 0x00000000d5980000, 0x0000000100000000)
  eden space 2048K, 94% used [0x00000000d5580000,0x00000000d5763ca0,0x00000000d5780000)
  from space 512K, 100% used [0x00000000d5900000,0x00000000d5980000,0x00000000d5980000)
  to   space 1024K, 0% used [0x00000000d5780000,0x00000000d5780000,0x00000000d5880000)
 ParOldGen       total 758272K, used 758268K [0x0000000080000000, 0x00000000ae480000, 0x00000000d5580000)
  object space 758272K, 99% used [0x0000000080000000,0x00000000ae47f3e0,0x00000000ae480000)
 Metaspace       used 60005K, committed 61440K, reserved 1114112K
  class space    used 6300K, committed 6912K, reserved 1048576K
GC Heap History (20 events):
Event: 18.682 GC heap before
{Heap before GC invocations=691 (full 3):
 PSYoungGen      total 6656K, used 6656K [0x00000000d5580000, 0x00000000d6080000, 0x0000000100000000)
  eden space 5120K, 100% used [0x00000000d5580000,0x00000000d5a80000,0x00000000d5a80000)
  from space 1536K, 100% used [0x00000000d5a80000,0x00000000d5c00000,0x00000000d5c00000)
  to   space 3072K, 0% used [0x00000000d5d80000,0x00000000d5d80000,0x00000000d6080000)
 ParOldGen       total 742400K, used 741978K [0x0000000080000000, 0x00000000ad500000, 0x00000000d5580000)
  object space 742400K, 99% used [0x0000000080000000,0x00000000ad496868,0x00000000ad500000)
 Metaspace       used 60005K, committed 61440K, reserved 1114112K
  class space    used 6300K, committed 6912K, reserved 1048576K
}
Event: 18.686 GC heap after
{Heap after GC invocations=691 (full 3):
 PSYoungGen      total 5120K, used 3053K [0x00000000d5580000, 0x00000000d6780000, 0x0000000100000000)
  eden space 2048K, 0% used [0x00000000d5580000,0x00000000d5580000,0x00000000d5780000)
  from space 3072K, 99% used [0x00000000d5d80000,0x00000000d607b7d0,0x00000000d6080000)
  to   space 6144K, 0% used [0x00000000d5780000,0x00000000d5780000,0x00000000d5d80000)
 ParOldGen       total 744448K, used 744130K [0x0000000080000000, 0x00000000ad700000, 0x00000000d5580000)
  object space 744448K, 99% used [0x0000000080000000,0x00000000ad6b0868,0x00000000ad700000)
 Metaspace       used 60005K, committed 61440K, reserved 1114112K
  class space    used 6300K, committed 6912K, reserved 1048576K
}
Event: 18.691 GC heap before
{Heap before GC invocations=692 (full 3):
 PSYoungGen      total 5120K, used 5101K [0x00000000d5580000, 0x00000000d6780000, 0x0000000100000000)
  eden space 2048K, 100% used [0x00000000d5580000,0x00000000d5780000,0x00000000d5780000)
  from space 3072K, 99% used [0x00000000d5d80000,0x00000000d607b7d0,0x00000000d6080000)
  to   space 6144K, 0% used [0x00000000d5780000,0x00000000d5780000,0x00000000d5d80000)
 ParOldGen       total 744448K, used 744130K [0x0000000080000000, 0x00000000ad700000, 0x00000000d5580000)
  object space 744448K, 99% used [0x0000000080000000,0x00000000ad6b0868,0x00000000ad700000)
 Metaspace       used 60005K, committed 61440K, reserved 1114112K
  class space    used 6300K, committed 6912K, reserved 1048576K
}
Event: 18.695 GC heap after
{Heap after GC invocations=692 (full 3):
 PSYoungGen      total 4608K, used 2176K [0x00000000d5580000, 0x00000000d5f00000, 0x0000000100000000)
  eden space 2048K, 0% used [0x00000000d5580000,0x00000000d5580000,0x00000000d5780000)
  from space 2560K, 85% used [0x00000000d5780000,0x00000000d59a0000,0x00000000d5a00000)
  to   space 3584K, 0% used [0x00000000d5b80000,0x00000000d5b80000,0x00000000d5f00000)
 ParOldGen       total 747520K, used 747248K [0x0000000080000000, 0x00000000ada00000, 0x00000000d5580000)
  object space 747520K, 99% used [0x0000000080000000,0x00000000ad9bc038,0x00000000ada00000)
 Metaspace       used 60005K, committed 61440K, reserved 1114112K
  class space    used 6300K, committed 6912K, reserved 1048576K
}
Event: 18.700 GC heap before
{Heap before GC invocations=693 (full 3):
 PSYoungGen      total 4608K, used 4224K [0x00000000d5580000, 0x00000000d5f00000, 0x0000000100000000)
  eden space 2048K, 100% used [0x00000000d5580000,0x00000000d5780000,0x00000000d5780000)
  from space 2560K, 85% used [0x00000000d5780000,0x00000000d59a0000,0x00000000d5a00000)
  to   space 3584K, 0% used [0x00000000d5b80000,0x00000000d5b80000,0x00000000d5f00000)
 ParOldGen       total 747520K, used 747248K [0x0000000080000000, 0x00000000ada00000, 0x00000000d5580000)
  object space 747520K, 99% used [0x0000000080000000,0x00000000ad9bc038,0x00000000ada00000)
 Metaspace       used 60005K, committed 61440K, reserved 1114112K
  class space    used 6300K, committed 6912K, reserved 1048576K
}
Event: 18.703 GC heap after
{Heap after GC invocations=693 (full 3):
 PSYoungGen      total 5120K, used 2211K [0x00000000d5580000, 0x00000000d5e00000, 0x0000000100000000)
  eden space 2560K, 0% used [0x00000000d5580000,0x00000000d5580000,0x00000000d5800000)
  from space 2560K, 86% used [0x00000000d5b80000,0x00000000d5da8ee8,0x00000000d5e00000)
  to   space 2560K, 0% used [0x00000000d5900000,0x00000000d5900000,0x00000000d5b80000)
 ParOldGen       total 749568K, used 749336K [0x0000000080000000, 0x00000000adc00000, 0x00000000d5580000)
  object space 749568K, 99% used [0x0000000080000000,0x00000000adbc6038,0x00000000adc00000)
 Metaspace       used 60005K, committed 61440K, reserved 1114112K
  class space    used 6300K, committed 6912K, reserved 1048576K
}
Event: 18.707 GC heap before
{Heap before GC invocations=694 (full 3):
 PSYoungGen      total 5120K, used 4736K [0x00000000d5580000, 0x00000000d5e00000, 0x0000000100000000)
  eden space 2560K, 98% used [0x00000000d5580000,0x00000000d57f7168,0x00000000d5800000)
  from space 2560K, 86% used [0x00000000d5b80000,0x00000000d5da8ee8,0x00000000d5e00000)
  to   space 2560K, 0% used [0x00000000d5900000,0x00000000d5900000,0x00000000d5b80000)
 ParOldGen       total 749568K, used 749336K [0x0000000080000000, 0x00000000adc00000, 0x00000000d5580000)
  object space 749568K, 99% used [0x0000000080000000,0x00000000adbc6038,0x00000000adc00000)
 Metaspace       used 60005K, committed 61440K, reserved 1114112K
  class space    used 6300K, committed 6912K, reserved 1048576K
}
Event: 18.709 GC heap after
{Heap after GC invocations=694 (full 3):
 PSYoungGen      total 4608K, used 1265K [0x00000000d5580000, 0x00000000d5c80000, 0x0000000100000000)
  eden space 3072K, 0% used [0x00000000d5580000,0x00000000d5580000,0x00000000d5880000)
  from space 1536K, 82% used [0x00000000d5900000,0x00000000d5a3c4b0,0x00000000d5a80000)
  to   space 2048K, 0% used [0x00000000d5a80000,0x00000000d5a80000,0x00000000d5c80000)
 ParOldGen       total 750592K, used 750490K [0x0000000080000000, 0x00000000add00000, 0x00000000d5580000)
  object space 750592K, 99% used [0x0000000080000000,0x00000000adce6838,0x00000000add00000)
 Metaspace       used 60005K, committed 61440K, reserved 1114112K
  class space    used 6300K, committed 6912K, reserved 1048576K
}
Event: 18.716 GC heap before
{Heap before GC invocations=695 (full 3):
 PSYoungGen      total 4608K, used 4337K [0x00000000d5580000, 0x00000000d5c80000, 0x0000000100000000)
  eden space 3072K, 100% used [0x00000000d5580000,0x00000000d5880000,0x00000000d5880000)
  from space 1536K, 82% used [0x00000000d5900000,0x00000000d5a3c4b0,0x00000000d5a80000)
  to   space 2048K, 0% used [0x00000000d5a80000,0x00000000d5a80000,0x00000000d5c80000)
 ParOldGen       total 750592K, used 750490K [0x0000000080000000, 0x00000000add00000, 0x00000000d5580000)
  object space 750592K, 99% used [0x0000000080000000,0x00000000adce6838,0x00000000add00000)
 Metaspace       used 60005K, committed 61440K, reserved 1114112K
  class space    used 6300K, committed 6912K, reserved 1048576K
}
Event: 18.719 GC heap after
{Heap after GC invocations=695 (full 3):
 PSYoungGen      total 2560K, used 2044K [0x00000000d5580000, 0x00000000d6380000, 0x0000000100000000)
  eden space 512K, 0% used [0x00000000d5580000,0x00000000d5580000,0x00000000d5600000)
  from space 2048K, 99% used [0x00000000d5a80000,0x00000000d5c7f350,0x00000000d5c80000)
  to   space 4608K, 0% used [0x00000000d5600000,0x00000000d5600000,0x00000000d5a80000)
 ParOldGen       total 753152K, used 752721K [0x0000000080000000, 0x00000000adf80000, 0x00000000d5580000)
  object space 753152K, 99% used [0x0000000080000000,0x00000000adf14510,0x00000000adf80000)
 Metaspace       used 60005K, committed 61440K, reserved 1114112K
  class space    used 6300K, committed 6912K, reserved 1048576K
}
Event: 18.720 GC heap before
{Heap before GC invocations=696 (full 3):
 PSYoungGen      total 2560K, used 2556K [0x00000000d5580000, 0x00000000d6380000, 0x0000000100000000)
  eden space 512K, 100% used [0x00000000d5580000,0x00000000d5600000,0x00000000d5600000)
  from space 2048K, 99% used [0x00000000d5a80000,0x00000000d5c7f350,0x00000000d5c80000)
  to   space 4608K, 0% used [0x00000000d5600000,0x00000000d5600000,0x00000000d5a80000)
 ParOldGen       total 753152K, used 752721K [0x0000000080000000, 0x00000000adf80000, 0x00000000d5580000)
  object space 753152K, 99% used [0x0000000080000000,0x00000000adf14510,0x00000000adf80000)
 Metaspace       used 60005K, committed 61440K, reserved 1114112K
  class space    used 6300K, committed 6912K, reserved 1048576K
}
Event: 18.723 GC heap after
{Heap after GC invocations=696 (full 3):
 PSYoungGen      total 1536K, used 697K [0x00000000d5580000, 0x00000000d5b00000, 0x0000000100000000)
  eden space 512K, 0% used [0x00000000d5580000,0x00000000d5580000,0x00000000d5600000)
  from space 1024K, 68% used [0x00000000d5600000,0x00000000d56ae430,0x00000000d5700000)
  to   space 2048K, 0% used [0x00000000d5900000,0x00000000d5900000,0x00000000d5b00000)
 ParOldGen       total 755200K, used 754844K [0x0000000080000000, 0x00000000ae180000, 0x00000000d5580000)
  object space 755200K, 99% used [0x0000000080000000,0x00000000ae1273a8,0x00000000ae180000)
 Metaspace       used 60005K, committed 61440K, reserved 1114112K
  class space    used 6300K, committed 6912K, reserved 1048576K
}
Event: 18.724 GC heap before
{Heap before GC invocations=697 (full 3):
 PSYoungGen      total 1536K, used 1209K [0x00000000d5580000, 0x00000000d5b00000, 0x0000000100000000)
  eden space 512K, 100% used [0x00000000d5580000,0x00000000d5600000,0x00000000d5600000)
  from space 1024K, 68% used [0x00000000d5600000,0x00000000d56ae430,0x00000000d5700000)
  to   space 2048K, 0% used [0x00000000d5900000,0x00000000d5900000,0x00000000d5b00000)
 ParOldGen       total 755200K, used 754844K [0x0000000080000000, 0x00000000ae180000, 0x00000000d5580000)
  object space 755200K, 99% used [0x0000000080000000,0x00000000ae1273a8,0x00000000ae180000)
 Metaspace       used 60005K, committed 61440K, reserved 1114112K
  class space    used 6300K, committed 6912K, reserved 1048576K
}
Event: 18.725 GC heap after
{Heap after GC invocations=697 (full 3):
 PSYoungGen      total 2048K, used 640K [0x00000000d5580000, 0x00000000d5a00000, 0x0000000100000000)
  eden space 1024K, 0% used [0x00000000d5580000,0x00000000d5580000,0x00000000d5680000)
  from space 1024K, 62% used [0x00000000d5900000,0x00000000d59a0000,0x00000000d5a00000)
  to   space 1024K, 0% used [0x00000000d5800000,0x00000000d5800000,0x00000000d5900000)
 ParOldGen       total 755712K, used 755381K [0x0000000080000000, 0x00000000ae200000, 0x00000000d5580000)
  object space 755712K, 99% used [0x0000000080000000,0x00000000ae1ad7d8,0x00000000ae200000)
 Metaspace       used 60005K, committed 61440K, reserved 1114112K
  class space    used 6300K, committed 6912K, reserved 1048576K
}
Event: 18.726 GC heap before
{Heap before GC invocations=698 (full 3):
 PSYoungGen      total 2048K, used 1419K [0x00000000d5580000, 0x00000000d5a00000, 0x0000000100000000)
  eden space 1024K, 76% used [0x00000000d5580000,0x00000000d5642cf0,0x00000000d5680000)
  from space 1024K, 62% used [0x00000000d5900000,0x00000000d59a0000,0x00000000d5a00000)
  to   space 1024K, 0% used [0x00000000d5800000,0x00000000d5800000,0x00000000d5900000)
 ParOldGen       total 755712K, used 755381K [0x0000000080000000, 0x00000000ae200000, 0x00000000d5580000)
  object space 755712K, 99% used [0x0000000080000000,0x00000000ae1ad7d8,0x00000000ae200000)
 Metaspace       used 60005K, committed 61440K, reserved 1114112K
  class space    used 6300K, committed 6912K, reserved 1048576K
}
Event: 18.729 GC heap after
{Heap after GC invocations=698 (full 3):
 PSYoungGen      total 2560K, used 912K [0x00000000d5580000, 0x00000000d5980000, 0x0000000100000000)
  eden space 1536K, 0% used [0x00000000d5580000,0x00000000d5580000,0x00000000d5700000)
  from space 1024K, 89% used [0x00000000d5800000,0x00000000d58e4138,0x00000000d5900000)
  to   space 512K, 0% used [0x00000000d5900000,0x00000000d5900000,0x00000000d5980000)
 ParOldGen       total 756224K, used 755901K [0x0000000080000000, 0x00000000ae280000, 0x00000000d5580000)
  object space 756224K, 99% used [0x0000000080000000,0x00000000ae22f7d8,0x00000000ae280000)
 Metaspace       used 60005K, committed 61440K, reserved 1114112K
  class space    used 6300K, committed 6912K, reserved 1048576K
}
Event: 18.738 GC heap before
{Heap before GC invocations=699 (full 3):
 PSYoungGen      total 2560K, used 2448K [0x00000000d5580000, 0x00000000d5980000, 0x0000000100000000)
  eden space 1536K, 100% used [0x00000000d5580000,0x00000000d5700000,0x00000000d5700000)
  from space 1024K, 89% used [0x00000000d5800000,0x00000000d58e4138,0x00000000d5900000)
  to   space 512K, 0% used [0x00000000d5900000,0x00000000d5900000,0x00000000d5980000)
 ParOldGen       total 756224K, used 755901K [0x0000000080000000, 0x00000000ae280000, 0x00000000d5580000)
  object space 756224K, 99% used [0x0000000080000000,0x00000000ae22f7d8,0x00000000ae280000)
 Metaspace       used 60005K, committed 61440K, reserved 1114112K
  class space    used 6300K, committed 6912K, reserved 1048576K
}
Event: 18.740 GC heap after
{Heap after GC invocations=699 (full 3):
 PSYoungGen      total 2048K, used 486K [0x00000000d5580000, 0x00000000d5b80000, 0x0000000100000000)
  eden space 1536K, 0% used [0x00000000d5580000,0x00000000d5580000,0x00000000d5700000)
  from space 512K, 95% used [0x00000000d5900000,0x00000000d5979be0,0x00000000d5980000)
  to   space 2048K, 0% used [0x00000000d5700000,0x00000000d5700000,0x00000000d5900000)
 ParOldGen       total 757248K, used 756973K [0x0000000080000000, 0x00000000ae380000, 0x00000000d5580000)
  object space 757248K, 99% used [0x0000000080000000,0x00000000ae33b7e8,0x00000000ae380000)
 Metaspace       used 60005K, committed 61440K, reserved 1114112K
  class space    used 6300K, committed 6912K, reserved 1048576K
}
Event: 18.758 GC heap before
{Heap before GC invocations=700 (full 3):
 PSYoungGen      total 2048K, used 2022K [0x00000000d5580000, 0x00000000d5b80000, 0x0000000100000000)
  eden space 1536K, 100% used [0x00000000d5580000,0x00000000d5700000,0x00000000d5700000)
  from space 512K, 95% used [0x00000000d5900000,0x00000000d5979be0,0x00000000d5980000)
  to   space 2048K, 0% used [0x00000000d5700000,0x00000000d5700000,0x00000000d5900000)
 ParOldGen       total 757248K, used 756973K [0x0000000080000000, 0x00000000ae380000, 0x00000000d5580000)
  object space 757248K, 99% used [0x0000000080000000,0x00000000ae33b7e8,0x00000000ae380000)
 Metaspace       used 60005K, committed 61440K, reserved 1114112K
  class space    used 6300K, committed 6912K, reserved 1048576K
}
Event: 18.760 GC heap after
{Heap after GC invocations=700 (full 3):
 PSYoungGen      total 3584K, used 1152K [0x00000000d5580000, 0x00000000d5a80000, 0x0000000100000000)
  eden space 1536K, 0% used [0x00000000d5580000,0x00000000d5580000,0x00000000d5700000)
  from space 2048K, 56% used [0x00000000d5700000,0x00000000d5820018,0x00000000d5900000)
  to   space 1536K, 0% used [0x00000000d5900000,0x00000000d5900000,0x00000000d5a80000)
 ParOldGen       total 757760K, used 757388K [0x0000000080000000, 0x00000000ae400000, 0x00000000d5580000)
  object space 757760K, 99% used [0x0000000080000000,0x00000000ae3a33c8,0x00000000ae400000)
 Metaspace       used 60005K, committed 61440K, reserved 1114112K
  class space    used 6300K, committed 6912K, reserved 1048576K
}

